<?xml version="1.0" encoding="UTF-8" ?>
<testsuite tests="57" failures="0" name="org.jfree.data.general.DatasetUtilitiesTest" time="0.002" errors="0" skipped="0">
  <properties>
    <property name="java.runtime.name" value="Java(TM) SE Runtime Environment"/>
    <property name="sun.boot.library.path" value="C:\Program Files\Java\jdk1.8.0_261\jre\bin"/>
    <property name="java.vm.version" value="25.261-b12"/>
    <property name="java.vm.vendor" value="Oracle Corporation"/>
    <property name="maven.multiModuleProjectDirectory" value="C:\Users\colin\OneDrive\Desktop\reproducing\jfreechart-1.0.19\jfreechart-1.0.19"/>
    <property name="java.vendor.url" value="http://java.oracle.com/"/>
    <property name="path.separator" value=";"/>
    <property name="guice.disable.misplaced.annotation.check" value="true"/>
    <property name="java.vm.name" value="Java HotSpot(TM) 64-Bit Server VM"/>
    <property name="file.encoding.pkg" value="sun.io"/>
    <property name="user.script" value=""/>
    <property name="user.country" value="CA"/>
    <property name="sun.java.launcher" value="SUN_STANDARD"/>
    <property name="sun.os.patch.level" value=""/>
    <property name="java.vm.specification.name" value="Java Virtual Machine Specification"/>
    <property name="user.dir" value="C:\Users\colin\OneDrive\Desktop\reproducing\jfreechart-1.0.19\jfreechart-1.0.19"/>
    <property name="java.runtime.version" value="1.8.0_261-b12"/>
    <property name="java.awt.graphicsenv" value="sun.awt.Win32GraphicsEnvironment"/>
    <property name="java.endorsed.dirs" value="C:\Program Files\Java\jdk1.8.0_261\jre\lib\endorsed"/>
    <property name="os.arch" value="amd64"/>
    <property name="java.io.tmpdir" value="C:\Users\colin\AppData\Local\Temp\"/>
    <property name="line.separator" value="
"/>
    <property name="java.vm.specification.vendor" value="Oracle Corporation"/>
    <property name="user.variant" value=""/>
    <property name="os.name" value="Windows 10"/>
    <property name="net.sourceforge.cobertura.datafile" value="C:\Users\colin\OneDrive\Desktop\reproducing\jfreechart-1.0.19\jfreechart-1.0.19\target\cobertura\cobertura.ser"/>
    <property name="classworlds.conf" value="C:\Program Files\apache-maven-3.6.3\bin\..\bin\m2.conf"/>
    <property name="sun.jnu.encoding" value="Cp1252"/>
    <property name="java.library.path" value="C:\Program Files\Java\jdk1.8.0_261\bin;C:\WINDOWS\Sun\Java\bin;C:\WINDOWS\system32;C:\WINDOWS;C:\Program Files\Common Files\Oracle\Java\javapath;C:\Program Files (x86)\Common Files\Oracle\Java\javapath;C:\CUBRID\bin\;C:\WINDOWS\system32;C:\WINDOWS;C:\WINDOWS\System32\Wbem;C:\WINDOWS\System32\WindowsPowerShell\v1.0\;C:\WINDOWS\System32\OpenSSH\;C:\Program Files\nodejs\;C:\Program Files\dotnet\;C:\Program Files\Docker\Docker\resources\bin;C:\ProgramData\DockerDesktop\version-bin;%JAVA_HOME%\bin;C:\Program Files\apache-maven-3.6.3\bin;C:\Program Files\apache-ant-1.10.8-bin\apache-ant-1.10.8\bin;C:\Gradle\gradle-6.5.1\bin;C:\Program Files\Microsoft SQL Server\Client SDK\ODBC\170\Tools\Binn\;C:\Program Files (x86)\Microsoft SQL Server\150\Tools\Binn\;C:\Program Files\Microsoft SQL Server\150\Tools\Binn\;C:\Program Files\Microsoft SQL Server\150\DTS\Binn\;C:\Program Files\Git\cmd;C:\Users\colin\AppData\Local\Programs\Python\Python38-32\Scripts\;C:\Users\colin\AppData\Local\Programs\Python\Python38-32\;C:\Users\colin\AppData\Local\Microsoft\WindowsApps;C:\Users\colin\Desktop\Microsoft VS Code\bin;C:\Users\colin\AppData\Roaming\npm;C:\Users\colin\AppData\Local\Programs\MiKTeX 2.9\miktex\bin\x64\;C:\Users\colin\.dotnet\tools;C:\Users\colin\AppData\Local\Microsoft\WindowsApps;;."/>
    <property name="maven.conf" value="C:\Program Files\apache-maven-3.6.3\bin\../conf"/>
    <property name="java.specification.name" value="Java Platform API Specification"/>
    <property name="java.class.version" value="52.0"/>
    <property name="sun.management.compiler" value="HotSpot 64-Bit Tiered Compilers"/>
    <property name="os.version" value="10.0"/>
    <property name="library.jansi.path" value="C:\Program Files\apache-maven-3.6.3\bin\..\lib\jansi-native"/>
    <property name="user.home" value="C:\Users\colin"/>
    <property name="user.timezone" value="America/New_York"/>
    <property name="java.awt.printerjob" value="sun.awt.windows.WPrinterJob"/>
    <property name="java.specification.version" value="1.8"/>
    <property name="file.encoding" value="Cp1252"/>
    <property name="user.name" value="colin"/>
    <property name="java.class.path" value="C:\Program Files\apache-maven-3.6.3\bin\..\boot\plexus-classworlds-2.6.0.jar"/>
    <property name="java.vm.specification.version" value="1.8"/>
    <property name="sun.arch.data.model" value="64"/>
    <property name="java.home" value="C:\Program Files\Java\jdk1.8.0_261\jre"/>
    <property name="sun.java.command" value="org.codehaus.plexus.classworlds.launcher.Launcher cobertura:cobertura"/>
    <property name="java.specification.vendor" value="Oracle Corporation"/>
    <property name="user.language" value="en"/>
    <property name="awt.toolkit" value="sun.awt.windows.WToolkit"/>
    <property name="java.vm.info" value="mixed mode"/>
    <property name="java.version" value="1.8.0_261"/>
    <property name="java.ext.dirs" value="C:\Program Files\Java\jdk1.8.0_261\jre\lib\ext;C:\WINDOWS\Sun\Java\lib\ext"/>
    <property name="sun.boot.class.path" value="C:\Program Files\Java\jdk1.8.0_261\jre\lib\resources.jar;C:\Program Files\Java\jdk1.8.0_261\jre\lib\rt.jar;C:\Program Files\Java\jdk1.8.0_261\jre\lib\sunrsasign.jar;C:\Program Files\Java\jdk1.8.0_261\jre\lib\jsse.jar;C:\Program Files\Java\jdk1.8.0_261\jre\lib\jce.jar;C:\Program Files\Java\jdk1.8.0_261\jre\lib\charsets.jar;C:\Program Files\Java\jdk1.8.0_261\jre\lib\jfr.jar;C:\Program Files\Java\jdk1.8.0_261\jre\classes"/>
    <property name="sun.stderr.encoding" value="cp437"/>
    <property name="java.vendor" value="Oracle Corporation"/>
    <property name="maven.home" value="C:\Program Files\apache-maven-3.6.3\bin\.."/>
    <property name="file.separator" value="\"/>
    <property name="java.vendor.url.bug" value="http://bugreport.sun.com/bugreport/"/>
    <property name="sun.cpu.endian" value="little"/>
    <property name="sun.io.unicode.encoding" value="UnicodeLittle"/>
    <property name="project.build.outputDirectory" value="C:\Users\colin\OneDrive\Desktop\reproducing\jfreechart-1.0.19\jfreechart-1.0.19\target\generated-classes\cobertura"/>
    <property name="sun.stdout.encoding" value="cp437"/>
    <property name="sun.desktop" value="windows"/>
    <property name="sun.cpu.isalist" value="amd64"/>
  </properties>
  <testcase classname="org.jfree.data.general.DatasetUtilitiesTest" name="testIterateDomainBounds_NaN2" time="0"/>
  <testcase classname="org.jfree.data.general.DatasetUtilitiesTest" name="testIterateToFindRangeBounds_StatisticalCategoryDataset" time="0"/>
  <testcase classname="org.jfree.data.general.DatasetUtilitiesTest" name="testFindStackedRangeBoundsForTableXYDataset1" time="0"/>
  <testcase classname="org.jfree.data.general.DatasetUtilitiesTest" name="testFindStackedRangeBoundsForTableXYDataset2" time="0"/>
  <testcase classname="org.jfree.data.general.DatasetUtilitiesTest" name="testLimitPieDataset" time="0"/>
  <testcase classname="org.jfree.data.general.DatasetUtilitiesTest" name="testIterateRangeBounds" time="0"/>
  <testcase classname="org.jfree.data.general.DatasetUtilitiesTest" name="testMaximumStackedRangeValue" time="0"/>
  <testcase classname="org.jfree.data.general.DatasetUtilitiesTest" name="testFindRangeBounds2" time="0"/>
  <testcase classname="org.jfree.data.general.DatasetUtilitiesTest" name="testBug2849731" time="0"/>
  <testcase classname="org.jfree.data.general.DatasetUtilitiesTest" name="testFindYValueNonSorted" time="0"/>
  <testcase classname="org.jfree.data.general.DatasetUtilitiesTest" name="testIterateRangeBounds_CategoryDataset" time="0"/>
  <testcase classname="org.jfree.data.general.DatasetUtilitiesTest" name="testIterateToFindRangeBounds1_XYDataset" time="0"/>
  <testcase classname="org.jfree.data.general.DatasetUtilitiesTest" name="testIterateRangeBounds2" time="0"/>
  <testcase classname="org.jfree.data.general.DatasetUtilitiesTest" name="testIterateRangeBounds3" time="0"/>
  <testcase classname="org.jfree.data.general.DatasetUtilitiesTest" name="testIterateRangeBounds4" time="0"/>
  <testcase classname="org.jfree.data.general.DatasetUtilitiesTest" name="testCumulativeRange1" time="0"/>
  <testcase classname="org.jfree.data.general.DatasetUtilitiesTest" name="testCumulativeRange2" time="0"/>
  <testcase classname="org.jfree.data.general.DatasetUtilitiesTest" name="testCumulativeRange3" time="0"/>
  <testcase classname="org.jfree.data.general.DatasetUtilitiesTest" name="testJava" time="0"/>
  <testcase classname="org.jfree.data.general.DatasetUtilitiesTest" name="testFindMinimumRangeValue" time="0"/>
  <testcase classname="org.jfree.data.general.DatasetUtilitiesTest" name="testFindStackedRangeBounds_CategoryDataset1" time="0"/>
  <testcase classname="org.jfree.data.general.DatasetUtilitiesTest" name="testFindStackedRangeBounds_CategoryDataset2" time="0"/>
  <testcase classname="org.jfree.data.general.DatasetUtilitiesTest" name="testFindStackedRangeBounds_CategoryDataset3" time="0"/>
  <testcase classname="org.jfree.data.general.DatasetUtilitiesTest" name="testFindMaximumDomainValue" time="0"/>
  <testcase classname="org.jfree.data.general.DatasetUtilitiesTest" name="testIterateToFindRangeBounds_BoxAndWhiskerXYDataset" time="0"/>
  <testcase classname="org.jfree.data.general.DatasetUtilitiesTest" name="testIterateRangeBounds2_CategoryDataset" time="0"/>
  <testcase classname="org.jfree.data.general.DatasetUtilitiesTest" name="testStackedRangeWithMap" time="0"/>
  <testcase classname="org.jfree.data.general.DatasetUtilitiesTest" name="testFindYValue" time="0"/>
  <testcase classname="org.jfree.data.general.DatasetUtilitiesTest" name="testFindYValueWithDuplicates" time="0"/>
  <testcase classname="org.jfree.data.general.DatasetUtilitiesTest" name="testFindMaximumStackedRangeValue" time="0"/>
  <testcase classname="org.jfree.data.general.DatasetUtilitiesTest" name="testFindMinimumStackedRangeValue" time="0"/>
  <testcase classname="org.jfree.data.general.DatasetUtilitiesTest" name="testFindDomainBounds_NaN" time="0"/>
  <testcase classname="org.jfree.data.general.DatasetUtilitiesTest" name="testFindRangeBounds" time="0"/>
  <testcase classname="org.jfree.data.general.DatasetUtilitiesTest" name="testIterateDomainBounds_NaN" time="0"/>
  <testcase classname="org.jfree.data.general.DatasetUtilitiesTest" name="testFindMinimumStackedRangeValue2" time="0"/>
  <testcase classname="org.jfree.data.general.DatasetUtilitiesTest" name="testSampleFunction2D" time="0"/>
  <testcase classname="org.jfree.data.general.DatasetUtilitiesTest" name="testIterateToFindRangeBounds_MultiValueCategoryDataset" time="0"/>
  <testcase classname="org.jfree.data.general.DatasetUtilitiesTest" name="testFindMaximumStackedRangeValue2" time="0"/>
  <testcase classname="org.jfree.data.general.DatasetUtilitiesTest" name="testIterateRangeBounds3_CategoryDataset" time="0"/>
  <testcase classname="org.jfree.data.general.DatasetUtilitiesTest" name="testIsEmptyOrNullXYDataset" time="0"/>
  <testcase classname="org.jfree.data.general.DatasetUtilitiesTest" name="test803660" time="0"/>
  <testcase classname="org.jfree.data.general.DatasetUtilitiesTest" name="testFindMaximumRangeValue" time="0"/>
  <testcase classname="org.jfree.data.general.DatasetUtilitiesTest" name="testMinMaxRange" time="0"/>
  <testcase classname="org.jfree.data.general.DatasetUtilitiesTest" name="testIterateToFindRangeBounds2_XYDataset" time="0"/>
  <testcase classname="org.jfree.data.general.DatasetUtilitiesTest" name="testCalculatePieDatasetTotal" time="0"/>
  <testcase classname="org.jfree.data.general.DatasetUtilitiesTest" name="testFindRangeBounds_CategoryDataset" time="0"/>
  <testcase classname="org.jfree.data.general.DatasetUtilitiesTest" name="testFindDomainBounds" time="0"/>
  <testcase classname="org.jfree.data.general.DatasetUtilitiesTest" name="testCreateCategoryDataset1" time="0"/>
  <testcase classname="org.jfree.data.general.DatasetUtilitiesTest" name="testCreateCategoryDataset2" time="0"/>
  <testcase classname="org.jfree.data.general.DatasetUtilitiesTest" name="testIterateRangeBounds_IntervalCategoryDataset" time="0"/>
  <testcase classname="org.jfree.data.general.DatasetUtilitiesTest" name="testBug2849731_2" time="0"/>
  <testcase classname="org.jfree.data.general.DatasetUtilitiesTest" name="testBug2849731_3" time="0"/>
  <testcase classname="org.jfree.data.general.DatasetUtilitiesTest" name="testIterateDomainBounds" time="0"/>
  <testcase classname="org.jfree.data.general.DatasetUtilitiesTest" name="testCumulativeRange_NaN" time="0"/>
  <testcase classname="org.jfree.data.general.DatasetUtilitiesTest" name="testFindDomainBounds2" time="0"/>
  <testcase classname="org.jfree.data.general.DatasetUtilitiesTest" name="testFindDomainBounds3" time="0"/>
  <testcase classname="org.jfree.data.general.DatasetUtilitiesTest" name="testFindMinimumDomainValue" time="0"/>
</testsuite>